# JRE version: Java(TM) SE Runtime Environment (21.0.4+8) (build 21.0.4+8-LTS-274)
# Java VM: Java HotSpot(TM) 64-Bit Server VM (21.0.4+8-LTS-274, mixed mode, emulated-client, sharing, tiered, compressed oops, compressed class ptrs, g1 gc, windows-amd64)
GC Precious Log:
 CardTable entry size: 512
 Card Set container configuration: InlinePtr #cards 5 size 8 Array Of Cards #cards 12 size 40 Howl #buckets 4 coarsen threshold 1843 Howl Bitmap #cards 512 size 80 coarsen threshold 460 Card regions per heap region 1 cards per card region 2048
 CPUs: 2 total, 2 available
 Memory: 3918M
 Large Page Support: Disabled
 NUMA Support: Disabled
 Compressed Oops: Enabled (32-bit)
 Heap Region Size: 1M
 Heap Min Capacity: 8M
 Heap Initial Capacity: 62M
 Heap Max Capacity: 980M
 Pre-touch: Disabled
 Parallel Workers: 2
 Concurrent Workers: 1
 Concurrent Refinement Workers: 2
 Periodic GC: Disabled
Heap:
 garbage-first heap   total 63488K, used 24004K [0x00000000c2c00000, 0x0000000100000000)
  region size 1024K, 18 young (18432K), 5 survivors (5120K)
 Metaspace       used 18711K, committed 19136K, reserved 491520K
  class space    used 2350K, committed 2560K, reserved 425984K
GC Heap History (10 events):
Event: 1.288 GC heap before
{Heap before GC invocations=0 (full 0):
 garbage-first heap   total 63488K, used 8192K [0x00000000c2c00000, 0x0000000100000000)
  region size 1024K, 6 young (6144K), 0 survivors (0K)
 Metaspace       used 442K, committed 640K, reserved 491520K
  class space    used 37K, committed 128K, reserved 425984K
}
Event: 1.295 GC heap after
{Heap after GC invocations=1 (full 0):
 garbage-first heap   total 63488K, used 5903K [0x00000000c2c00000, 0x0000000100000000)
  region size 1024K, 1 young (1024K), 1 survivors (1024K)
 Metaspace       used 442K, committed 640K, reserved 491520K
  class space    used 37K, committed 128K, reserved 425984K
}
Event: 1.643 GC heap before
{Heap before GC invocations=1 (full 0):
 garbage-first heap   total 63488K, used 7951K [0x00000000c2c00000, 0x0000000100000000)
  region size 1024K, 4 young (4096K), 1 survivors (1024K)
 Metaspace       used 2614K, committed 2816K, reserved 491520K
  class space    used 279K, committed 384K, reserved 425984K
}
Event: 1.647 GC heap after
{Heap after GC invocations=2 (full 0):
 garbage-first heap   total 63488K, used 8338K [0x00000000c2c00000, 0x0000000100000000)
  region size 1024K, 1 young (1024K), 1 survivors (1024K)
 Metaspace       used 2614K, committed 2816K, reserved 491520K
  class space    used 279K, committed 384K, reserved 425984K
}
Event: 2.276 GC heap before
{Heap before GC invocations=2 (full 0):
 garbage-first heap   total 63488K, used 14482K [0x00000000c2c00000, 0x0000000100000000)
  region size 1024K, 7 young (7168K), 1 survivors (1024K)
 Metaspace       used 5369K, committed 5568K, reserved 491520K
  class space    used 625K, committed 704K, reserved 425984K
}
Event: 2.281 GC heap after
{Heap after GC invocations=3 (full 0):
 garbage-first heap   total 63488K, used 8963K [0x00000000c2c00000, 0x0000000100000000)
  region size 1024K, 1 young (1024K), 1 survivors (1024K)
 Metaspace       used 5369K, committed 5568K, reserved 491520K
  class space    used 625K, committed 704K, reserved 425984K
}
Event: 3.443 GC heap before
{Heap before GC invocations=3 (full 0):
 garbage-first heap   total 63488K, used 20227K [0x00000000c2c00000, 0x0000000100000000)
  region size 1024K, 13 young (13312K), 1 survivors (1024K)
 Metaspace       used 8469K, committed 8832K, reserved 491520K
  class space    used 1051K, committed 1216K, reserved 425984K
}
Event: 3.449 GC heap after
{Heap after GC invocations=4 (full 0):
 garbage-first heap   total 63488K, used 9807K [0x00000000c2c00000, 0x0000000100000000)
  region size 1024K, 2 young (2048K), 2 survivors (2048K)
 Metaspace       used 8469K, committed 8832K, reserved 491520K
  class space    used 1051K, committed 1216K, reserved 425984K
}
Event: 6.185 GC heap before
{Heap before GC invocations=4 (full 0):
 garbage-first heap   total 63488K, used 40527K [0x00000000c2c00000, 0x0000000100000000)
  region size 1024K, 33 young (33792K), 2 survivors (2048K)
 Metaspace       used 15452K, committed 15936K, reserved 491520K
  class space    used 2009K, committed 2240K, reserved 425984K
}
Event: 6.201 GC heap after
{Heap after GC invocations=5 (full 0):
 garbage-first heap   total 63488K, used 12740K [0x00000000c2c00000, 0x0000000100000000)
  region size 1024K, 5 young (5120K), 5 survivors (5120K)
 Metaspace       used 15452K, committed 15936K, reserved 491520K
  class space    used 2009K, committed 2240K, reserved 425984K
}

