# JRE version: Java(TM) SE Runtime Environment (21.0.4+8) (build 21.0.4+8-LTS-274)
# Java VM: Java HotSpot(TM) 64-Bit Server VM (21.0.4+8-LTS-274, mixed mode, emulated-client, sharing, tiered, compressed oops, compressed class ptrs, g1 gc, windows-amd64)
GC Precious Log:
 CardTable entry size: 512
 Card Set container configuration: InlinePtr #cards 5 size 8 Array Of Cards #cards 12 size 40 Howl #buckets 4 coarsen threshold 1843 Howl Bitmap #cards 512 size 80 coarsen threshold 460 Card regions per heap region 1 cards per card region 2048
 CPUs: 2 total, 2 available
 Memory: 3918M
 Large Page Support: Disabled
 NUMA Support: Disabled
 Compressed Oops: Enabled (32-bit)
 Heap Region Size: 1M
 Heap Min Capacity: 8M
 Heap Initial Capacity: 62M
 Heap Max Capacity: 980M
 Pre-touch: Disabled
 Parallel Workers: 2
 Concurrent Workers: 1
 Concurrent Refinement Workers: 2
 Periodic GC: Disabled
Heap:
 garbage-first heap   total 73728K, used 65347K [0x00000000c2c00000, 0x0000000100000000)
  region size 1024K, 24 young (24576K), 3 survivors (3072K)
 Metaspace       used 82657K, committed 83456K, reserved 557056K
  class space    used 11569K, committed 11904K, reserved 425984K
GC Heap History (20 events):
Event: 16.519 GC heap after
{Heap after GC invocations=14 (full 0):
 garbage-first heap   total 66560K, used 28034K [0x00000000c2c00000, 0x0000000100000000)
  region size 1024K, 4 young (4096K), 4 survivors (4096K)
 Metaspace       used 52122K, committed 52736K, reserved 491520K
  class space    used 7037K, committed 7296K, reserved 425984K
}
Event: 17.467 GC heap before
{Heap before GC invocations=14 (full 0):
 garbage-first heap   total 66560K, used 56706K [0x00000000c2c00000, 0x0000000100000000)
  region size 1024K, 33 young (33792K), 4 survivors (4096K)
 Metaspace       used 59166K, committed 59776K, reserved 491520K
  class space    used 8179K, committed 8448K, reserved 425984K
}
Event: 17.478 GC heap after
{Heap after GC invocations=15 (full 0):
 garbage-first heap   total 66560K, used 28841K [0x00000000c2c00000, 0x0000000100000000)
  region size 1024K, 3 young (3072K), 3 survivors (3072K)
 Metaspace       used 59166K, committed 59776K, reserved 491520K
  class space    used 8179K, committed 8448K, reserved 425984K
}
Event: 17.531 GC heap before
{Heap before GC invocations=15 (full 0):
 garbage-first heap   total 66560K, used 29865K [0x00000000c2c00000, 0x0000000100000000)
  region size 1024K, 5 young (5120K), 3 survivors (3072K)
 Metaspace       used 59514K, committed 60096K, reserved 491520K
  class space    used 8234K, committed 8512K, reserved 425984K
}
Event: 17.537 GC heap after
{Heap after GC invocations=16 (full 0):
 garbage-first heap   total 66560K, used 29335K [0x00000000c2c00000, 0x0000000100000000)
  region size 1024K, 2 young (2048K), 2 survivors (2048K)
 Metaspace       used 59514K, committed 60096K, reserved 491520K
  class space    used 8234K, committed 8512K, reserved 425984K
}
Event: 23.143 GC heap before
{Heap before GC invocations=17 (full 0):
 garbage-first heap   total 66560K, used 59031K [0x00000000c2c00000, 0x0000000100000000)
  region size 1024K, 31 young (31744K), 2 survivors (2048K)
 Metaspace       used 64715K, committed 65472K, reserved 491520K
  class space    used 9030K, committed 9408K, reserved 425984K
}
Event: 23.155 GC heap after
{Heap after GC invocations=18 (full 0):
 garbage-first heap   total 66560K, used 31395K [0x00000000c2c00000, 0x0000000100000000)
  region size 1024K, 4 young (4096K), 4 survivors (4096K)
 Metaspace       used 64715K, committed 65472K, reserved 491520K
  class space    used 9030K, committed 9408K, reserved 425984K
}
Event: 24.710 GC heap before
{Heap before GC invocations=18 (full 0):
 garbage-first heap   total 66560K, used 56995K [0x00000000c2c00000, 0x0000000100000000)
  region size 1024K, 29 young (29696K), 4 survivors (4096K)
 Metaspace       used 68034K, committed 68864K, reserved 491520K
  class space    used 9533K, committed 9920K, reserved 425984K
}
Event: 24.734 GC heap after
{Heap after GC invocations=19 (full 0):
 garbage-first heap   total 66560K, used 33035K [0x00000000c2c00000, 0x0000000100000000)
  region size 1024K, 3 young (3072K), 3 survivors (3072K)
 Metaspace       used 68034K, committed 68864K, reserved 491520K
  class space    used 9533K, committed 9920K, reserved 425984K
}
Event: 25.595 GC heap before
{Heap before GC invocations=19 (full 0):
 garbage-first heap   total 66560K, used 58635K [0x00000000c2c00000, 0x0000000100000000)
  region size 1024K, 28 young (28672K), 3 survivors (3072K)
 Metaspace       used 70955K, committed 71744K, reserved 491520K
  class space    used 9967K, committed 10304K, reserved 425984K
}
Event: 25.609 GC heap after
{Heap after GC invocations=20 (full 0):
 garbage-first heap   total 66560K, used 35360K [0x00000000c2c00000, 0x0000000100000000)
  region size 1024K, 4 young (4096K), 4 survivors (4096K)
 Metaspace       used 70955K, committed 71744K, reserved 491520K
  class space    used 9967K, committed 10304K, reserved 425984K
}
Event: 39.549 GC heap before
{Heap before GC invocations=21 (full 0):
 garbage-first heap   total 66560K, used 56864K [0x00000000c2c00000, 0x0000000100000000)
  region size 1024K, 26 young (26624K), 4 survivors (4096K)
 Metaspace       used 74706K, committed 75456K, reserved 491520K
  class space    used 10547K, committed 10880K, reserved 425984K
}
Event: 39.571 GC heap after
{Heap after GC invocations=22 (full 0):
 garbage-first heap   total 66560K, used 36752K [0x00000000c2c00000, 0x0000000100000000)
  region size 1024K, 2 young (2048K), 2 survivors (2048K)
 Metaspace       used 74706K, committed 75456K, reserved 491520K
  class space    used 10547K, committed 10880K, reserved 425984K
}
Event: 73.678 GC heap before
{Heap before GC invocations=22 (full 0):
 garbage-first heap   total 66560K, used 61328K [0x00000000c2c00000, 0x0000000100000000)
  region size 1024K, 24 young (24576K), 2 survivors (2048K)
 Metaspace       used 78868K, committed 79808K, reserved 557056K
  class space    used 11034K, committed 11456K, reserved 425984K
}
Event: 73.695 GC heap after
{Heap after GC invocations=23 (full 0):
 garbage-first heap   total 67584K, used 38782K [0x00000000c2c00000, 0x0000000100000000)
  region size 1024K, 3 young (3072K), 3 survivors (3072K)
 Metaspace       used 78868K, committed 79808K, reserved 557056K
  class space    used 11034K, committed 11456K, reserved 425984K
}
Event: 74.739 GC heap before
{Heap before GC invocations=23 (full 0):
 garbage-first heap   total 67584K, used 59262K [0x00000000c2c00000, 0x0000000100000000)
  region size 1024K, 24 young (24576K), 3 survivors (3072K)
 Metaspace       used 81369K, committed 82304K, reserved 557056K
  class space    used 11384K, committed 11776K, reserved 425984K
}
Event: 74.754 GC heap after
{Heap after GC invocations=24 (full 0):
 garbage-first heap   total 67584K, used 42439K [0x00000000c2c00000, 0x0000000100000000)
  region size 1024K, 3 young (3072K), 3 survivors (3072K)
 Metaspace       used 81369K, committed 82304K, reserved 557056K
  class space    used 11384K, committed 11776K, reserved 425984K
}
Event: 75.283 GC heap before
{Heap before GC invocations=25 (full 0):
 garbage-first heap   total 73728K, used 58823K [0x00000000c2c00000, 0x0000000100000000)
  region size 1024K, 19 young (19456K), 3 survivors (3072K)
 Metaspace       used 81134K, committed 82304K, reserved 557056K
  class space    used 11317K, committed 11776K, reserved 425984K
}
Event: 75.296 GC heap after
{Heap after GC invocations=26 (full 0):
 garbage-first heap   total 73728K, used 43843K [0x00000000c2c00000, 0x0000000100000000)
  region size 1024K, 2 young (2048K), 2 survivors (2048K)
 Metaspace       used 81134K, committed 82304K, reserved 557056K
  class space    used 11317K, committed 11776K, reserved 425984K
}
Event: 89.748 GC heap before
{Heap before GC invocations=26 (full 0):
 garbage-first heap   total 73728K, used 64323K [0x00000000c2c00000, 0x0000000100000000)
  region size 1024K, 23 young (23552K), 2 survivors (2048K)
 Metaspace       used 82657K, committed 83456K, reserved 557056K
  class space    used 11569K, committed 11904K, reserved 425984K
}

