# JRE version: Java(TM) SE Runtime Environment (21.0.4+8) (build 21.0.4+8-LTS-274)
# Java VM: Java HotSpot(TM) 64-Bit Server VM (21.0.4+8-LTS-274, mixed mode, emulated-client, sharing, tiered, compressed oops, compressed class ptrs, g1 gc, windows-amd64)
GC Precious Log:
 CardTable entry size: 512
 Card Set container configuration: InlinePtr #cards 5 size 8 Array Of Cards #cards 12 size 40 Howl #buckets 4 coarsen threshold 1843 Howl Bitmap #cards 512 size 80 coarsen threshold 460 Card regions per heap region 1 cards per card region 2048
 CPUs: 2 total, 2 available
 Memory: 3918M
 Large Page Support: Disabled
 NUMA Support: Disabled
 Compressed Oops: Enabled (32-bit)
 Heap Region Size: 1M
 Heap Min Capacity: 8M
 Heap Initial Capacity: 62M
 Heap Max Capacity: 980M
 Pre-touch: Disabled
 Parallel Workers: 2
 Concurrent Workers: 1
 Concurrent Refinement Workers: 2
 Periodic GC: Disabled
Heap:
 garbage-first heap   total 61440K, used 47092K [0x00000000c2c00000, 0x0000000100000000)
  region size 1024K, 25 young (25600K), 4 survivors (4096K)
 Metaspace       used 58953K, committed 59520K, reserved 1114112K
  class space    used 7620K, committed 7872K, reserved 1048576K
GC Heap History (20 events):
Event: 19.314 GC heap before
{Heap before GC invocations=4 (full 0):
 garbage-first heap   total 63488K, used 32645K [0x00000000c2c00000, 0x0000000100000000)
  region size 1024K, 27 young (27648K), 4 survivors (4096K)
 Metaspace       used 21236K, committed 21504K, reserved 1114112K
  class space    used 2486K, committed 2624K, reserved 1048576K
}
Event: 19.330 GC heap after
{Heap after GC invocations=5 (full 0):
 garbage-first heap   total 63488K, used 13080K [0x00000000c2c00000, 0x0000000100000000)
  region size 1024K, 5 young (5120K), 5 survivors (5120K)
 Metaspace       used 21236K, committed 21504K, reserved 1114112K
  class space    used 2486K, committed 2624K, reserved 1048576K
}
Event: 20.180 GC heap before
{Heap before GC invocations=6 (full 0):
 garbage-first heap   total 51200K, used 37656K [0x00000000c2c00000, 0x0000000100000000)
  region size 1024K, 30 young (30720K), 5 survivors (5120K)
 Metaspace       used 26090K, committed 26432K, reserved 1114112K
  class space    used 3109K, committed 3264K, reserved 1048576K
}
Event: 20.216 GC heap after
{Heap after GC invocations=7 (full 0):
 garbage-first heap   total 51200K, used 15156K [0x00000000c2c00000, 0x0000000100000000)
  region size 1024K, 4 young (4096K), 4 survivors (4096K)
 Metaspace       used 26090K, committed 26432K, reserved 1114112K
  class space    used 3109K, committed 3264K, reserved 1048576K
}
Event: 22.964 GC heap before
{Heap before GC invocations=7 (full 0):
 garbage-first heap   total 51200K, used 40756K [0x00000000c2c00000, 0x0000000100000000)
  region size 1024K, 30 young (30720K), 4 survivors (4096K)
 Metaspace       used 28792K, committed 29184K, reserved 1114112K
  class space    used 3471K, committed 3648K, reserved 1048576K
}
Event: 22.979 GC heap after
{Heap after GC invocations=8 (full 0):
 garbage-first heap   total 51200K, used 17755K [0x00000000c2c00000, 0x0000000100000000)
  region size 1024K, 3 young (3072K), 3 survivors (3072K)
 Metaspace       used 28792K, committed 29184K, reserved 1114112K
  class space    used 3471K, committed 3648K, reserved 1048576K
}
Event: 25.204 GC heap before
{Heap before GC invocations=8 (full 0):
 garbage-first heap   total 51200K, used 42331K [0x00000000c2c00000, 0x0000000100000000)
  region size 1024K, 27 young (27648K), 3 survivors (3072K)
 Metaspace       used 31179K, committed 31616K, reserved 1114112K
  class space    used 3815K, committed 4032K, reserved 1048576K
}
Event: 25.213 GC heap after
{Heap after GC invocations=9 (full 0):
 garbage-first heap   total 51200K, used 18925K [0x00000000c2c00000, 0x0000000100000000)
  region size 1024K, 2 young (2048K), 2 survivors (2048K)
 Metaspace       used 31179K, committed 31616K, reserved 1114112K
  class space    used 3815K, committed 4032K, reserved 1048576K
}
Event: 26.772 GC heap before
{Heap before GC invocations=9 (full 0):
 garbage-first heap   total 51200K, used 43501K [0x00000000c2c00000, 0x0000000100000000)
  region size 1024K, 26 young (26624K), 2 survivors (2048K)
 Metaspace       used 34180K, committed 34624K, reserved 1114112K
  class space    used 4299K, committed 4480K, reserved 1048576K
}
Event: 26.791 GC heap after
{Heap after GC invocations=10 (full 0):
 garbage-first heap   total 51200K, used 20531K [0x00000000c2c00000, 0x0000000100000000)
  region size 1024K, 4 young (4096K), 4 survivors (4096K)
 Metaspace       used 34180K, committed 34624K, reserved 1114112K
  class space    used 4299K, committed 4480K, reserved 1048576K
}
Event: 27.448 GC heap before
{Heap before GC invocations=10 (full 0):
 garbage-first heap   total 51200K, used 28723K [0x00000000c2c00000, 0x0000000100000000)
  region size 1024K, 13 young (13312K), 4 survivors (4096K)
 Metaspace       used 35442K, committed 35968K, reserved 1114112K
  class space    used 4508K, committed 4736K, reserved 1048576K
}
Event: 27.466 GC heap after
{Heap after GC invocations=11 (full 0):
 garbage-first heap   total 51200K, used 21837K [0x00000000c2c00000, 0x0000000100000000)
  region size 1024K, 3 young (3072K), 3 survivors (3072K)
 Metaspace       used 35442K, committed 35968K, reserved 1114112K
  class space    used 4508K, committed 4736K, reserved 1048576K
}
Event: 28.663 GC heap before
{Heap before GC invocations=12 (full 0):
 garbage-first heap   total 51200K, used 44365K [0x00000000c2c00000, 0x0000000100000000)
  region size 1024K, 25 young (25600K), 3 survivors (3072K)
 Metaspace       used 38088K, committed 38592K, reserved 1114112K
  class space    used 4831K, committed 5056K, reserved 1048576K
}
Event: 28.674 GC heap after
{Heap after GC invocations=13 (full 0):
 garbage-first heap   total 51200K, used 23166K [0x00000000c2c00000, 0x0000000100000000)
  region size 1024K, 3 young (3072K), 3 survivors (3072K)
 Metaspace       used 38088K, committed 38592K, reserved 1114112K
  class space    used 4831K, committed 5056K, reserved 1048576K
}
Event: 29.612 GC heap before
{Heap before GC invocations=13 (full 0):
 garbage-first heap   total 51200K, used 42622K [0x00000000c2c00000, 0x0000000100000000)
  region size 1024K, 23 young (23552K), 3 survivors (3072K)
 Metaspace       used 42049K, committed 42624K, reserved 1114112K
  class space    used 5416K, committed 5696K, reserved 1048576K
}
Event: 29.623 GC heap after
{Heap after GC invocations=14 (full 0):
 garbage-first heap   total 51200K, used 23882K [0x00000000c2c00000, 0x0000000100000000)
  region size 1024K, 3 young (3072K), 3 survivors (3072K)
 Metaspace       used 42049K, committed 42624K, reserved 1114112K
  class space    used 5416K, committed 5696K, reserved 1048576K
}
Event: 30.909 GC heap before
{Heap before GC invocations=14 (full 0):
 garbage-first heap   total 51200K, used 44362K [0x00000000c2c00000, 0x0000000100000000)
  region size 1024K, 23 young (23552K), 3 survivors (3072K)
 Metaspace       used 46029K, committed 46592K, reserved 1114112K
  class space    used 6045K, committed 6336K, reserved 1048576K
}
Event: 30.918 GC heap after
{Heap after GC invocations=15 (full 0):
 garbage-first heap   total 61440K, used 24751K [0x00000000c2c00000, 0x0000000100000000)
  region size 1024K, 2 young (2048K), 2 survivors (2048K)
 Metaspace       used 46029K, committed 46592K, reserved 1114112K
  class space    used 6045K, committed 6336K, reserved 1048576K
}
Event: 36.318 GC heap before
{Heap before GC invocations=15 (full 0):
 garbage-first heap   total 61440K, used 53423K [0x00000000c2c00000, 0x0000000100000000)
  region size 1024K, 31 young (31744K), 2 survivors (2048K)
 Metaspace       used 55033K, committed 55616K, reserved 1114112K
  class space    used 7131K, committed 7360K, reserved 1048576K
}
Event: 36.328 GC heap after
{Heap after GC invocations=16 (full 0):
 garbage-first heap   total 61440K, used 26612K [0x00000000c2c00000, 0x0000000100000000)
  region size 1024K, 4 young (4096K), 4 survivors (4096K)
 Metaspace       used 55033K, committed 55616K, reserved 1114112K
  class space    used 7131K, committed 7360K, reserved 1048576K
}

